<?xml version="1.0" encoding="UTF-8"?>
<!-- Generated by org.testng.reporters.JUnitReportReporter -->
<testsuite skipped="0" hostname="WT386.local" name="com.qa.gridizen.LoginTest.AddCalenderTest" tests="1" failures="0" timestamp="20 Jan 2021 17:25:14 GMT" time="13.604" errors="0">
  <testcase name="one" time="13.604" classname="com.qa.gridizen.LoginTest.AddCalenderTest"/>
</testsuite> <!-- com.qa.gridizen.LoginTest.AddCalenderTest -->
