<?xml version="1.0" encoding="UTF-8"?>
<!-- Generated by org.testng.reporters.JUnitReportReporter -->
<testsuite skipped="0" hostname="WT386.local" name="com.qa.gridizen.LoginTest.AddCalenderTest" tests="1" failures="0" timestamp="22 Dec 2020 14:54:26 GMT" time="27.458" errors="0">
  <testcase name="one" time="27.458" classname="com.qa.gridizen.LoginTest.AddCalenderTest"/>
</testsuite> <!-- com.qa.gridizen.LoginTest.AddCalenderTest -->
