<?xml version="1.0" encoding="UTF-8"?>
<!-- Generated by org.testng.reporters.JUnitReportReporter -->
<testsuite skipped="0" hostname="WT386.local" name="com.qa.gridizen.LoginTest.LoginTest" tests="1" failures="0" timestamp="09 Jan 2021 17:32:23 GMT" time="18.988" errors="0">
  <testcase name="one" time="18.988" classname="com.qa.gridizen.LoginTest.LoginTest"/>
</testsuite> <!-- com.qa.gridizen.LoginTest.LoginTest -->
