<?xml version="1.0" encoding="UTF-8"?>
<!-- Generated by org.testng.reporters.JUnitReportReporter -->
<testsuite skipped="0" hostname="WT386.local" name="com.qa.gridizen.LoginTest.AddMantenanceTest" tests="4" failures="0" timestamp="16 Jan 2021 15:36:10 GMT" time="126.770" errors="0">
  <testcase name="add" time="33.027" classname="com.qa.gridizen.LoginTest.AddMantenanceTest"/>
  <testcase name="add" time="32.165" classname="com.qa.gridizen.LoginTest.AddMantenanceTest"/>
  <testcase name="add" time="33.838" classname="com.qa.gridizen.LoginTest.AddMantenanceTest"/>
  <testcase name="add" time="27.740" classname="com.qa.gridizen.LoginTest.AddMantenanceTest"/>
</testsuite> <!-- com.qa.gridizen.LoginTest.AddMantenanceTest -->
