<?xml version="1.0" encoding="UTF-8"?>
<!-- Generated by org.testng.reporters.JUnitReportReporter -->
<testsuite skipped="0" hostname="WT386.local" name="com.qa.gridizen.ExtentRepot.ExtentReporter1" tests="1" failures="0" timestamp="09 Jan 2021 15:41:34 GMT" time="0.008" errors="0">
  <testcase name="one" time="0.008" classname="com.qa.gridizen.ExtentRepot.ExtentReporter1"/>
</testsuite> <!-- com.qa.gridizen.ExtentRepot.ExtentReporter1 -->
